<?xml version="1.0" encoding="UTF-8"?>
<coverage generated="1570009637831" clover="3.2.0">
  <project timestamp="1570009637831" name="All files">
    <metrics statements="55" coveredstatements="49" conditionals="26" coveredconditionals="18" methods="17" coveredmethods="13" elements="98" coveredelements="80" complexity="0" loc="55" ncloc="55" packages="2" files="2" classes="2"/>
    <package name="FormEngine">
      <metrics statements="43" coveredstatements="40" conditionals="13" coveredconditionals="11" methods="13" coveredmethods="11"/>
      <file name="index.js" path="/Users/richard.ng/Projects/rn_form_engine/src/FormEngine/index.js">
        <metrics statements="43" coveredstatements="40" conditionals="13" coveredconditionals="11" methods="13" coveredmethods="11"/>
        <line num="10" count="8" type="stmt"/>
        <line num="18" count="24" type="stmt"/>
        <line num="19" count="24" type="stmt"/>
        <line num="21" count="24" type="stmt"/>
        <line num="24" count="48" type="stmt"/>
        <line num="25" count="48" type="stmt"/>
        <line num="34" count="8" type="stmt"/>
        <line num="37" count="8" type="stmt"/>
        <line num="38" count="48" type="stmt"/>
        <line num="40" count="48" type="cond" truecount="1" falsecount="1"/>
        <line num="41" count="0" type="stmt"/>
        <line num="45" count="8" type="stmt"/>
        <line num="46" count="48" type="stmt"/>
        <line num="47" count="48" type="cond" truecount="1" falsecount="0"/>
        <line num="48" count="48" type="stmt"/>
        <line num="49" count="48" type="stmt"/>
        <line num="50" count="48" type="stmt"/>
        <line num="51" count="48" type="stmt"/>
        <line num="53" count="48" type="stmt"/>
        <line num="60" count="4" type="stmt"/>
        <line num="61" count="0" type="stmt"/>
        <line num="73" count="8" type="stmt"/>
        <line num="74" count="2" type="stmt"/>
        <line num="75" count="2" type="stmt"/>
        <line num="76" count="2" type="stmt"/>
        <line num="79" count="8" type="stmt"/>
        <line num="80" count="4" type="stmt"/>
        <line num="82" count="4" type="stmt"/>
        <line num="83" count="4" type="stmt"/>
        <line num="84" count="4" type="stmt"/>
        <line num="85" count="11" type="stmt"/>
        <line num="87" count="4" type="stmt"/>
        <line num="88" count="4" type="stmt"/>
        <line num="91" count="8" type="stmt"/>
        <line num="92" count="4" type="stmt"/>
        <line num="98" count="8" type="stmt"/>
        <line num="99" count="12" type="stmt"/>
        <line num="100" count="12" type="cond" truecount="2" falsecount="0"/>
        <line num="101" count="12" type="stmt"/>
        <line num="104" count="8" type="stmt"/>
        <line num="105" count="0" type="stmt"/>
        <line num="109" count="1" type="stmt"/>
        <line num="118" count="1" type="stmt"/>
      </file>
    </package>
    <package name="FormEngine.templates">
      <metrics statements="12" coveredstatements="9" conditionals="13" coveredconditionals="7" methods="4" coveredmethods="2"/>
      <file name="TextField.js" path="/Users/richard.ng/Projects/rn_form_engine/src/FormEngine/templates/TextField.js">
        <metrics statements="12" coveredstatements="9" conditionals="13" coveredconditionals="7" methods="4" coveredmethods="2"/>
        <line num="4" count="1" type="stmt"/>
        <line num="5" count="48" type="stmt"/>
        <line num="6" count="48" type="cond" truecount="1" falsecount="0"/>
        <line num="8" count="48" type="cond" truecount="1" falsecount="1"/>
        <line num="9" count="48" type="stmt"/>
        <line num="10" count="48" type="stmt"/>
        <line num="12" count="48" type="stmt"/>
        <line num="18" count="0" type="stmt"/>
        <line num="20" count="0" type="stmt"/>
        <line num="21" count="0" type="stmt"/>
        <line num="32" count="1" type="stmt"/>
        <line num="33" count="48" type="stmt"/>
      </file>
    </package>
  </project>
</coverage>
