{"/Users/richard.ng/Projects/rn_form_engine/src/FormEngine/index.js": {"path":"/Users/richard.ng/Projects/rn_form_engine/src/FormEngine/index.js","statementMap":{"0":{"start":{"line":10,"column":10},"end":{"line":15,"column":3}},"1":{"start":{"line":18,"column":52},"end":{"line":18,"column":62}},"2":{"start":{"line":19,"column":26},"end":{"line":19,"column":70}},"3":{"start":{"line":21,"column":4},"end":{"line":30,"column":6}},"4":{"start":{"line":24,"column":29},"end":{"line":24,"column":61}},"5":{"start":{"line":25,"column":10},"end":{"line":25,"column":53}},"6":{"start":{"line":33,"column":22},"end":{"line":39,"column":3}},"7":{"start":{"line":34,"column":23},"end":{"line":34,"column":28}},"8":{"start":{"line":36,"column":4},"end":{"line":38,"column":5}},"9":{"start":{"line":37,"column":6},"end":{"line":37,"column":76}},"10":{"start":{"line":41,"column":16},"end":{"line":67,"column":3}},"11":{"start":{"line":42,"column":4},"end":{"line":42,"column":34}},"12":{"start":{"line":43,"column":59},"end":{"line":43,"column":64}},"13":{"start":{"line":44,"column":62},"end":{"line":44,"column":72}},"14":{"start":{"line":45,"column":37},"end":{"line":45,"column":47}},"15":{"start":{"line":46,"column":22},"end":{"line":46,"column":41}},"16":{"start":{"line":47,"column":22},"end":{"line":47,"column":73}},"17":{"start":{"line":49,"column":4},"end":{"line":66,"column":6}},"18":{"start":{"line":56,"column":33},"end":{"line":56,"column":63}},"19":{"start":{"line":57,"column":28},"end":{"line":57,"column":49}},"20":{"start":{"line":69,"column":19},"end":{"line":73,"column":3}},"21":{"start":{"line":70,"column":34},"end":{"line":70,"column":44}},"22":{"start":{"line":71,"column":24},"end":{"line":71,"column":56}},"23":{"start":{"line":72,"column":4},"end":{"line":72,"column":59}},"24":{"start":{"line":75,"column":17},"end":{"line":85,"column":3}},"25":{"start":{"line":76,"column":4},"end":{"line":76,"column":25}},"26":{"start":{"line":78,"column":52},"end":{"line":78,"column":62}},"27":{"start":{"line":79,"column":20},"end":{"line":79,"column":63}},"28":{"start":{"line":80,"column":30},"end":{"line":80,"column":71}},"29":{"start":{"line":81,"column":4},"end":{"line":81,"column":75}},"30":{"start":{"line":81,"column":66},"end":{"line":81,"column":72}},"31":{"start":{"line":83,"column":4},"end":{"line":83,"column":24}},"32":{"start":{"line":84,"column":4},"end":{"line":84,"column":35}},"33":{"start":{"line":87,"column":14},"end":{"line":92,"column":3}},"34":{"start":{"line":88,"column":4},"end":{"line":91,"column":7}},"35":{"start":{"line":94,"column":19},"end":{"line":98,"column":3}},"36":{"start":{"line":95,"column":25},"end":{"line":95,"column":35}},"37":{"start":{"line":96,"column":19},"end":{"line":96,"column":56}},"38":{"start":{"line":97,"column":4},"end":{"line":97,"column":28}},"39":{"start":{"line":100,"column":15},"end":{"line":102,"column":3}},"40":{"start":{"line":101,"column":4},"end":{"line":101,"column":68}},"41":{"start":{"line":105,"column":0},"end":{"line":112,"column":2}},"42":{"start":{"line":114,"column":0},"end":{"line":118,"column":2}}},"fnMap":{"0":{"name":"(anonymous_0)","decl":{"start":{"line":17,"column":2},"end":{"line":17,"column":3}},"loc":{"start":{"line":17,"column":11},"end":{"line":31,"column":3}},"line":17},"1":{"name":"(anonymous_1)","decl":{"start":{"line":23,"column":27},"end":{"line":23,"column":28}},"loc":{"start":{"line":23,"column":43},"end":{"line":26,"column":9}},"line":23},"2":{"name":"(anonymous_2)","decl":{"start":{"line":33,"column":22},"end":{"line":33,"column":23}},"loc":{"start":{"line":33,"column":31},"end":{"line":39,"column":3}},"line":33},"3":{"name":"(anonymous_3)","decl":{"start":{"line":41,"column":16},"end":{"line":41,"column":17}},"loc":{"start":{"line":41,"column":39},"end":{"line":67,"column":3}},"line":41},"4":{"name":"(anonymous_4)","decl":{"start":{"line":56,"column":24},"end":{"line":56,"column":25}},"loc":{"start":{"line":56,"column":33},"end":{"line":56,"column":63}},"line":56},"5":{"name":"(anonymous_5)","decl":{"start":{"line":57,"column":22},"end":{"line":57,"column":23}},"loc":{"start":{"line":57,"column":28},"end":{"line":57,"column":49}},"line":57},"6":{"name":"(anonymous_6)","decl":{"start":{"line":69,"column":19},"end":{"line":69,"column":20}},"loc":{"start":{"line":69,"column":25},"end":{"line":73,"column":3}},"line":69},"7":{"name":"(anonymous_7)","decl":{"start":{"line":75,"column":17},"end":{"line":75,"column":18}},"loc":{"start":{"line":75,"column":34},"end":{"line":85,"column":3}},"line":75},"8":{"name":"(anonymous_8)","decl":{"start":{"line":81,"column":61},"end":{"line":81,"column":62}},"loc":{"start":{"line":81,"column":66},"end":{"line":81,"column":72}},"line":81},"9":{"name":"(anonymous_9)","decl":{"start":{"line":87,"column":14},"end":{"line":87,"column":15}},"loc":{"start":{"line":87,"column":22},"end":{"line":92,"column":3}},"line":87},"10":{"name":"(anonymous_10)","decl":{"start":{"line":94,"column":19},"end":{"line":94,"column":20}},"loc":{"start":{"line":94,"column":32},"end":{"line":98,"column":3}},"line":94},"11":{"name":"(anonymous_11)","decl":{"start":{"line":100,"column":15},"end":{"line":100,"column":16}},"loc":{"start":{"line":100,"column":23},"end":{"line":102,"column":3}},"line":100}},"branchMap":{"0":{"loc":{"start":{"line":28,"column":9},"end":{"line":28,"column":74}},"type":"cond-expr","locations":[{"start":{"line":28,"column":42},"end":{"line":28,"column":63}},{"start":{"line":28,"column":66},"end":{"line":28,"column":74}}],"line":28},"1":{"loc":{"start":{"line":36,"column":4},"end":{"line":38,"column":5}},"type":"if","locations":[{"start":{"line":36,"column":4},"end":{"line":38,"column":5}},{"start":{"line":36,"column":4},"end":{"line":38,"column":5}}],"line":36},"2":{"loc":{"start":{"line":43,"column":38},"end":{"line":43,"column":55}},"type":"default-arg","locations":[{"start":{"line":43,"column":53},"end":{"line":43,"column":55}}],"line":43},"3":{"loc":{"start":{"line":50,"column":27},"end":{"line":50,"column":50}},"type":"binary-expr","locations":[{"start":{"line":50,"column":27},"end":{"line":50,"column":31}},{"start":{"line":50,"column":35},"end":{"line":50,"column":50}}],"line":50},"4":{"loc":{"start":{"line":51,"column":21},"end":{"line":51,"column":66}},"type":"binary-expr","locations":[{"start":{"line":51,"column":21},"end":{"line":51,"column":31}},{"start":{"line":51,"column":35},"end":{"line":51,"column":66}}],"line":51},"5":{"loc":{"start":{"line":60,"column":26},"end":{"line":60,"column":44}},"type":"binary-expr","locations":[{"start":{"line":60,"column":26},"end":{"line":60,"column":38}},{"start":{"line":60,"column":42},"end":{"line":60,"column":44}}],"line":60},"6":{"loc":{"start":{"line":96,"column":19},"end":{"line":96,"column":56}},"type":"binary-expr","locations":[{"start":{"line":96,"column":19},"end":{"line":96,"column":50}},{"start":{"line":96,"column":54},"end":{"line":96,"column":56}}],"line":96}},"s":{"0":5,"1":7,"2":7,"3":7,"4":12,"5":12,"6":5,"7":12,"8":12,"9":0,"10":5,"11":12,"12":12,"13":12,"14":12,"15":12,"16":12,"17":12,"18":1,"19":0,"20":5,"21":0,"22":0,"23":0,"24":5,"25":1,"26":1,"27":1,"28":1,"29":1,"30":2,"31":1,"32":1,"33":5,"34":1,"35":5,"36":1,"37":1,"38":1,"39":5,"40":0,"41":1,"42":1},"f":{"0":7,"1":12,"2":12,"3":12,"4":1,"5":0,"6":0,"7":1,"8":2,"9":1,"10":1,"11":0},"b":{"0":[0,7],"1":[0,12],"2":[12],"3":[12,0],"4":[12,6],"5":[12,12],"6":[1,1]},"_coverageSchema":"43e27e138ebf9cfc5966b082cf9a028302ed4184","hash":"998afe6e9d4dca9e95e87453de0e6b8cfa1ee3cc"}
,"/Users/richard.ng/Projects/rn_form_engine/src/FormEngine/templates/TextField.js": {"path":"/Users/richard.ng/Projects/rn_form_engine/src/FormEngine/templates/TextField.js","statementMap":{"0":{"start":{"line":4,"column":18},"end":{"line":30,"column":1}},"1":{"start":{"line":5,"column":58},"end":{"line":5,"column":68}},"2":{"start":{"line":6,"column":51},"end":{"line":6,"column":60}},"3":{"start":{"line":8,"column":20},"end":{"line":8,"column":40}},"4":{"start":{"line":9,"column":38},"end":{"line":9,"column":59}},"5":{"start":{"line":10,"column":17},"end":{"line":10,"column":62}},"6":{"start":{"line":12,"column":2},"end":{"line":29,"column":4}},"7":{"start":{"line":18,"column":23},"end":{"line":18,"column":42}},"8":{"start":{"line":20,"column":10},"end":{"line":20,"column":31}},"9":{"start":{"line":21,"column":10},"end":{"line":21,"column":19}},"10":{"start":{"line":32,"column":19},"end":{"line":47,"column":4}},"11":{"start":{"line":33,"column":2},"end":{"line":47,"column":4}}},"fnMap":{"0":{"name":"(anonymous_0)","decl":{"start":{"line":4,"column":18},"end":{"line":4,"column":19}},"loc":{"start":{"line":4,"column":47},"end":{"line":30,"column":1}},"line":4},"1":{"name":"(anonymous_1)","decl":{"start":{"line":18,"column":17},"end":{"line":18,"column":18}},"loc":{"start":{"line":18,"column":23},"end":{"line":18,"column":42}},"line":18},"2":{"name":"(anonymous_2)","decl":{"start":{"line":19,"column":16},"end":{"line":19,"column":17}},"loc":{"start":{"line":19,"column":22},"end":{"line":22,"column":9}},"line":19},"3":{"name":"(anonymous_3)","decl":{"start":{"line":32,"column":19},"end":{"line":32,"column":20}},"loc":{"start":{"line":33,"column":2},"end":{"line":47,"column":4}},"line":33}},"branchMap":{"0":{"loc":{"start":{"line":6,"column":16},"end":{"line":6,"column":31}},"type":"default-arg","locations":[{"start":{"line":6,"column":27},"end":{"line":6,"column":31}}],"line":6},"1":{"loc":{"start":{"line":8,"column":20},"end":{"line":8,"column":40}},"type":"binary-expr","locations":[{"start":{"line":8,"column":20},"end":{"line":8,"column":27}},{"start":{"line":8,"column":31},"end":{"line":8,"column":40}}],"line":8},"2":{"loc":{"start":{"line":27,"column":7},"end":{"line":27,"column":69}},"type":"binary-expr","locations":[{"start":{"line":27,"column":7},"end":{"line":27,"column":16}},{"start":{"line":27,"column":20},"end":{"line":27,"column":69}}],"line":27},"3":{"loc":{"start":{"line":35,"column":10},"end":{"line":35,"column":37}},"type":"binary-expr","locations":[{"start":{"line":35,"column":10},"end":{"line":35,"column":19}},{"start":{"line":35,"column":23},"end":{"line":35,"column":37}}],"line":35},"4":{"loc":{"start":{"line":40,"column":19},"end":{"line":40,"column":55}},"type":"cond-expr","locations":[{"start":{"line":40,"column":32},"end":{"line":40,"column":41}},{"start":{"line":40,"column":44},"end":{"line":40,"column":55}}],"line":40},"5":{"loc":{"start":{"line":43,"column":10},"end":{"line":43,"column":43}},"type":"binary-expr","locations":[{"start":{"line":43,"column":10},"end":{"line":43,"column":19}},{"start":{"line":43,"column":23},"end":{"line":43,"column":43}}],"line":43},"6":{"loc":{"start":{"line":44,"column":10},"end":{"line":44,"column":51}},"type":"binary-expr","locations":[{"start":{"line":44,"column":10},"end":{"line":44,"column":19}},{"start":{"line":44,"column":23},"end":{"line":44,"column":51}}],"line":44}},"s":{"0":1,"1":12,"2":12,"3":12,"4":12,"5":12,"6":12,"7":0,"8":0,"9":0,"10":1,"11":12},"f":{"0":12,"1":0,"2":0,"3":12},"b":{"0":[12],"1":[12,0],"2":[12,0],"3":[12,0],"4":[0,12],"5":[12,0],"6":[12,0]},"_coverageSchema":"43e27e138ebf9cfc5966b082cf9a028302ed4184","hash":"e66217a02d6d59d736078f94cc231feae26575a6"}
}
