{"/Users/richard.ng/Projects/rn_form_engine/src/FormEngine/index.js": {"path":"/Users/richard.ng/Projects/rn_form_engine/src/FormEngine/index.js","statementMap":{"0":{"start":{"line":10,"column":10},"end":{"line":15,"column":3}},"1":{"start":{"line":18,"column":52},"end":{"line":18,"column":62}},"2":{"start":{"line":19,"column":26},"end":{"line":19,"column":70}},"3":{"start":{"line":21,"column":4},"end":{"line":30,"column":6}},"4":{"start":{"line":24,"column":29},"end":{"line":24,"column":61}},"5":{"start":{"line":25,"column":10},"end":{"line":25,"column":53}},"6":{"start":{"line":34,"column":4},"end":{"line":34,"column":42}},"7":{"start":{"line":37,"column":22},"end":{"line":43,"column":3}},"8":{"start":{"line":38,"column":23},"end":{"line":38,"column":28}},"9":{"start":{"line":40,"column":4},"end":{"line":42,"column":5}},"10":{"start":{"line":41,"column":6},"end":{"line":41,"column":76}},"11":{"start":{"line":45,"column":16},"end":{"line":71,"column":3}},"12":{"start":{"line":46,"column":4},"end":{"line":46,"column":34}},"13":{"start":{"line":47,"column":59},"end":{"line":47,"column":64}},"14":{"start":{"line":48,"column":62},"end":{"line":48,"column":72}},"15":{"start":{"line":49,"column":37},"end":{"line":49,"column":47}},"16":{"start":{"line":50,"column":22},"end":{"line":50,"column":41}},"17":{"start":{"line":51,"column":22},"end":{"line":51,"column":73}},"18":{"start":{"line":53,"column":4},"end":{"line":70,"column":6}},"19":{"start":{"line":60,"column":33},"end":{"line":60,"column":63}},"20":{"start":{"line":61,"column":28},"end":{"line":61,"column":49}},"21":{"start":{"line":73,"column":19},"end":{"line":77,"column":3}},"22":{"start":{"line":74,"column":34},"end":{"line":74,"column":44}},"23":{"start":{"line":75,"column":24},"end":{"line":75,"column":56}},"24":{"start":{"line":76,"column":4},"end":{"line":76,"column":59}},"25":{"start":{"line":79,"column":17},"end":{"line":89,"column":3}},"26":{"start":{"line":80,"column":4},"end":{"line":80,"column":25}},"27":{"start":{"line":82,"column":52},"end":{"line":82,"column":62}},"28":{"start":{"line":83,"column":20},"end":{"line":83,"column":63}},"29":{"start":{"line":84,"column":30},"end":{"line":84,"column":71}},"30":{"start":{"line":85,"column":4},"end":{"line":85,"column":75}},"31":{"start":{"line":85,"column":66},"end":{"line":85,"column":72}},"32":{"start":{"line":87,"column":4},"end":{"line":87,"column":24}},"33":{"start":{"line":88,"column":4},"end":{"line":88,"column":35}},"34":{"start":{"line":91,"column":14},"end":{"line":96,"column":3}},"35":{"start":{"line":92,"column":4},"end":{"line":95,"column":7}},"36":{"start":{"line":98,"column":19},"end":{"line":102,"column":3}},"37":{"start":{"line":99,"column":25},"end":{"line":99,"column":35}},"38":{"start":{"line":100,"column":19},"end":{"line":100,"column":56}},"39":{"start":{"line":101,"column":4},"end":{"line":101,"column":28}},"40":{"start":{"line":104,"column":15},"end":{"line":106,"column":3}},"41":{"start":{"line":105,"column":4},"end":{"line":105,"column":68}},"42":{"start":{"line":109,"column":0},"end":{"line":116,"column":2}},"43":{"start":{"line":118,"column":0},"end":{"line":122,"column":2}}},"fnMap":{"0":{"name":"(anonymous_0)","decl":{"start":{"line":17,"column":2},"end":{"line":17,"column":3}},"loc":{"start":{"line":17,"column":11},"end":{"line":31,"column":3}},"line":17},"1":{"name":"(anonymous_1)","decl":{"start":{"line":23,"column":27},"end":{"line":23,"column":28}},"loc":{"start":{"line":23,"column":43},"end":{"line":26,"column":9}},"line":23},"2":{"name":"(anonymous_2)","decl":{"start":{"line":33,"column":2},"end":{"line":33,"column":3}},"loc":{"start":{"line":33,"column":22},"end":{"line":35,"column":3}},"line":33},"3":{"name":"(anonymous_3)","decl":{"start":{"line":37,"column":22},"end":{"line":37,"column":23}},"loc":{"start":{"line":37,"column":31},"end":{"line":43,"column":3}},"line":37},"4":{"name":"(anonymous_4)","decl":{"start":{"line":45,"column":16},"end":{"line":45,"column":17}},"loc":{"start":{"line":45,"column":39},"end":{"line":71,"column":3}},"line":45},"5":{"name":"(anonymous_5)","decl":{"start":{"line":60,"column":24},"end":{"line":60,"column":25}},"loc":{"start":{"line":60,"column":33},"end":{"line":60,"column":63}},"line":60},"6":{"name":"(anonymous_6)","decl":{"start":{"line":61,"column":22},"end":{"line":61,"column":23}},"loc":{"start":{"line":61,"column":28},"end":{"line":61,"column":49}},"line":61},"7":{"name":"(anonymous_7)","decl":{"start":{"line":73,"column":19},"end":{"line":73,"column":20}},"loc":{"start":{"line":73,"column":25},"end":{"line":77,"column":3}},"line":73},"8":{"name":"(anonymous_8)","decl":{"start":{"line":79,"column":17},"end":{"line":79,"column":18}},"loc":{"start":{"line":79,"column":34},"end":{"line":89,"column":3}},"line":79},"9":{"name":"(anonymous_9)","decl":{"start":{"line":85,"column":61},"end":{"line":85,"column":62}},"loc":{"start":{"line":85,"column":66},"end":{"line":85,"column":72}},"line":85},"10":{"name":"(anonymous_10)","decl":{"start":{"line":91,"column":14},"end":{"line":91,"column":15}},"loc":{"start":{"line":91,"column":22},"end":{"line":96,"column":3}},"line":91},"11":{"name":"(anonymous_11)","decl":{"start":{"line":98,"column":19},"end":{"line":98,"column":20}},"loc":{"start":{"line":98,"column":32},"end":{"line":102,"column":3}},"line":98},"12":{"name":"(anonymous_12)","decl":{"start":{"line":104,"column":15},"end":{"line":104,"column":16}},"loc":{"start":{"line":104,"column":23},"end":{"line":106,"column":3}},"line":104}},"branchMap":{"0":{"loc":{"start":{"line":28,"column":9},"end":{"line":28,"column":74}},"type":"cond-expr","locations":[{"start":{"line":28,"column":42},"end":{"line":28,"column":63}},{"start":{"line":28,"column":66},"end":{"line":28,"column":74}}],"line":28},"1":{"loc":{"start":{"line":40,"column":4},"end":{"line":42,"column":5}},"type":"if","locations":[{"start":{"line":40,"column":4},"end":{"line":42,"column":5}},{"start":{"line":40,"column":4},"end":{"line":42,"column":5}}],"line":40},"2":{"loc":{"start":{"line":47,"column":38},"end":{"line":47,"column":55}},"type":"default-arg","locations":[{"start":{"line":47,"column":53},"end":{"line":47,"column":55}}],"line":47},"3":{"loc":{"start":{"line":54,"column":27},"end":{"line":54,"column":50}},"type":"binary-expr","locations":[{"start":{"line":54,"column":27},"end":{"line":54,"column":31}},{"start":{"line":54,"column":35},"end":{"line":54,"column":50}}],"line":54},"4":{"loc":{"start":{"line":55,"column":21},"end":{"line":55,"column":66}},"type":"binary-expr","locations":[{"start":{"line":55,"column":21},"end":{"line":55,"column":31}},{"start":{"line":55,"column":35},"end":{"line":55,"column":66}}],"line":55},"5":{"loc":{"start":{"line":64,"column":26},"end":{"line":64,"column":44}},"type":"binary-expr","locations":[{"start":{"line":64,"column":26},"end":{"line":64,"column":38}},{"start":{"line":64,"column":42},"end":{"line":64,"column":44}}],"line":64},"6":{"loc":{"start":{"line":100,"column":19},"end":{"line":100,"column":56}},"type":"binary-expr","locations":[{"start":{"line":100,"column":19},"end":{"line":100,"column":50}},{"start":{"line":100,"column":54},"end":{"line":100,"column":56}}],"line":100}},"s":{"0":8,"1":24,"2":24,"3":24,"4":48,"5":48,"6":8,"7":8,"8":48,"9":48,"10":0,"11":8,"12":48,"13":48,"14":48,"15":48,"16":48,"17":48,"18":48,"19":4,"20":0,"21":8,"22":2,"23":2,"24":2,"25":8,"26":4,"27":4,"28":4,"29":4,"30":4,"31":11,"32":4,"33":4,"34":8,"35":4,"36":8,"37":12,"38":12,"39":12,"40":8,"41":0,"42":1,"43":1},"f":{"0":24,"1":48,"2":8,"3":48,"4":48,"5":4,"6":0,"7":2,"8":4,"9":11,"10":4,"11":12,"12":0},"b":{"0":[2,22],"1":[0,48],"2":[48],"3":[48,0],"4":[48,28],"5":[48,47],"6":[12,11]},"_coverageSchema":"43e27e138ebf9cfc5966b082cf9a028302ed4184","hash":"4f24ceed72caebcad2dc7eac7ae58001d8f212f2"}
,"/Users/richard.ng/Projects/rn_form_engine/src/FormEngine/templates/TextField.js": {"path":"/Users/richard.ng/Projects/rn_form_engine/src/FormEngine/templates/TextField.js","statementMap":{"0":{"start":{"line":4,"column":18},"end":{"line":30,"column":1}},"1":{"start":{"line":5,"column":58},"end":{"line":5,"column":68}},"2":{"start":{"line":6,"column":51},"end":{"line":6,"column":60}},"3":{"start":{"line":8,"column":20},"end":{"line":8,"column":40}},"4":{"start":{"line":9,"column":38},"end":{"line":9,"column":59}},"5":{"start":{"line":10,"column":17},"end":{"line":10,"column":62}},"6":{"start":{"line":12,"column":2},"end":{"line":29,"column":4}},"7":{"start":{"line":18,"column":23},"end":{"line":18,"column":42}},"8":{"start":{"line":20,"column":10},"end":{"line":20,"column":31}},"9":{"start":{"line":21,"column":10},"end":{"line":21,"column":19}},"10":{"start":{"line":32,"column":19},"end":{"line":47,"column":4}},"11":{"start":{"line":33,"column":2},"end":{"line":47,"column":4}}},"fnMap":{"0":{"name":"(anonymous_0)","decl":{"start":{"line":4,"column":18},"end":{"line":4,"column":19}},"loc":{"start":{"line":4,"column":47},"end":{"line":30,"column":1}},"line":4},"1":{"name":"(anonymous_1)","decl":{"start":{"line":18,"column":17},"end":{"line":18,"column":18}},"loc":{"start":{"line":18,"column":23},"end":{"line":18,"column":42}},"line":18},"2":{"name":"(anonymous_2)","decl":{"start":{"line":19,"column":16},"end":{"line":19,"column":17}},"loc":{"start":{"line":19,"column":22},"end":{"line":22,"column":9}},"line":19},"3":{"name":"(anonymous_3)","decl":{"start":{"line":32,"column":19},"end":{"line":32,"column":20}},"loc":{"start":{"line":33,"column":2},"end":{"line":47,"column":4}},"line":33}},"branchMap":{"0":{"loc":{"start":{"line":6,"column":16},"end":{"line":6,"column":31}},"type":"default-arg","locations":[{"start":{"line":6,"column":27},"end":{"line":6,"column":31}}],"line":6},"1":{"loc":{"start":{"line":8,"column":20},"end":{"line":8,"column":40}},"type":"binary-expr","locations":[{"start":{"line":8,"column":20},"end":{"line":8,"column":27}},{"start":{"line":8,"column":31},"end":{"line":8,"column":40}}],"line":8},"2":{"loc":{"start":{"line":27,"column":7},"end":{"line":27,"column":69}},"type":"binary-expr","locations":[{"start":{"line":27,"column":7},"end":{"line":27,"column":16}},{"start":{"line":27,"column":20},"end":{"line":27,"column":69}}],"line":27},"3":{"loc":{"start":{"line":35,"column":10},"end":{"line":35,"column":37}},"type":"binary-expr","locations":[{"start":{"line":35,"column":10},"end":{"line":35,"column":19}},{"start":{"line":35,"column":23},"end":{"line":35,"column":37}}],"line":35},"4":{"loc":{"start":{"line":40,"column":19},"end":{"line":40,"column":55}},"type":"cond-expr","locations":[{"start":{"line":40,"column":32},"end":{"line":40,"column":41}},{"start":{"line":40,"column":44},"end":{"line":40,"column":55}}],"line":40},"5":{"loc":{"start":{"line":43,"column":10},"end":{"line":43,"column":43}},"type":"binary-expr","locations":[{"start":{"line":43,"column":10},"end":{"line":43,"column":19}},{"start":{"line":43,"column":23},"end":{"line":43,"column":43}}],"line":43},"6":{"loc":{"start":{"line":44,"column":10},"end":{"line":44,"column":51}},"type":"binary-expr","locations":[{"start":{"line":44,"column":10},"end":{"line":44,"column":19}},{"start":{"line":44,"column":23},"end":{"line":44,"column":51}}],"line":44}},"s":{"0":1,"1":48,"2":48,"3":48,"4":48,"5":48,"6":48,"7":0,"8":0,"9":0,"10":1,"11":48},"f":{"0":48,"1":0,"2":0,"3":48},"b":{"0":[48],"1":[48,0],"2":[48,0],"3":[48,0],"4":[0,48],"5":[48,0],"6":[48,0]},"_coverageSchema":"43e27e138ebf9cfc5966b082cf9a028302ed4184","hash":"e66217a02d6d59d736078f94cc231feae26575a6"}
}
