TN:
SF:/Users/richard.ng/Projects/rn_form_engine/src/FormEngine/index.js
FN:17,(anonymous_0)
FN:23,(anonymous_1)
FN:33,(anonymous_2)
FN:37,(anonymous_3)
FN:45,(anonymous_4)
FN:60,(anonymous_5)
FN:61,(anonymous_6)
FN:73,(anonymous_7)
FN:79,(anonymous_8)
FN:85,(anonymous_9)
FN:91,(anonymous_10)
FN:98,(anonymous_11)
FN:104,(anonymous_12)
FNF:13
FNH:11
FNDA:24,(anonymous_0)
FNDA:48,(anonymous_1)
FNDA:8,(anonymous_2)
FNDA:48,(anonymous_3)
FNDA:48,(anonymous_4)
FNDA:4,(anonymous_5)
FNDA:0,(anonymous_6)
FNDA:2,(anonymous_7)
FNDA:4,(anonymous_8)
FNDA:11,(anonymous_9)
FNDA:4,(anonymous_10)
FNDA:12,(anonymous_11)
FNDA:0,(anonymous_12)
DA:10,8
DA:18,24
DA:19,24
DA:21,24
DA:24,48
DA:25,48
DA:34,8
DA:37,8
DA:38,48
DA:40,48
DA:41,0
DA:45,8
DA:46,48
DA:47,48
DA:48,48
DA:49,48
DA:50,48
DA:51,48
DA:53,48
DA:60,4
DA:61,0
DA:73,8
DA:74,2
DA:75,2
DA:76,2
DA:79,8
DA:80,4
DA:82,4
DA:83,4
DA:84,4
DA:85,11
DA:87,4
DA:88,4
DA:91,8
DA:92,4
DA:98,8
DA:99,12
DA:100,12
DA:101,12
DA:104,8
DA:105,0
DA:109,1
DA:118,1
LF:43
LH:40
BRDA:28,0,0,2
BRDA:28,0,1,22
BRDA:40,1,0,0
BRDA:40,1,1,48
BRDA:47,2,0,48
BRDA:54,3,0,48
BRDA:54,3,1,0
BRDA:55,4,0,48
BRDA:55,4,1,28
BRDA:64,5,0,48
BRDA:64,5,1,47
BRDA:100,6,0,12
BRDA:100,6,1,11
BRF:13
BRH:11
end_of_record
TN:
SF:/Users/richard.ng/Projects/rn_form_engine/src/FormEngine/templates/TextField.js
FN:4,(anonymous_0)
FN:18,(anonymous_1)
FN:19,(anonymous_2)
FN:32,(anonymous_3)
FNF:4
FNH:2
FNDA:48,(anonymous_0)
FNDA:0,(anonymous_1)
FNDA:0,(anonymous_2)
FNDA:48,(anonymous_3)
DA:4,1
DA:5,48
DA:6,48
DA:8,48
DA:9,48
DA:10,48
DA:12,48
DA:18,0
DA:20,0
DA:21,0
DA:32,1
DA:33,48
LF:12
LH:9
BRDA:6,0,0,48
BRDA:8,1,0,48
BRDA:8,1,1,0
BRDA:27,2,0,48
BRDA:27,2,1,0
BRDA:35,3,0,48
BRDA:35,3,1,0
BRDA:40,4,0,0
BRDA:40,4,1,48
BRDA:43,5,0,48
BRDA:43,5,1,0
BRDA:44,6,0,48
BRDA:44,6,1,0
BRF:13
BRH:7
end_of_record
